========================
Tue Jul 26 18:41:09 2022
========================
FEModel::init() executed
    BasisOps::interp() executed
    BasisOps::interp() exits                                                    (210 ms)
    BasisOps::compute_jtrans() executed
    BasisOps::interp() exits                                                    (240 ms)
    BasisOps::compute_jtrans() executed
    BasisOps::interp() exits                                                    (257 ms)
    BasisOps::compute_jtrans() executed
    BasisOps::interp() exits                                                    (277 ms)
    BasisOps::compute_jtrans() executed
    BasisOps::compute_jtrans() exits                                            (235 ms)
FEModel::init() exits                                                           (454 ms)
BasisOps::interp() executed
    BasisOps::compute_jtrans() exits                                            (229 ms)
FEModel::init() exits                                                           (471 ms)
BasisOps::interp() executed
    BasisOps::compute_jtrans() exits                                            (240 ms)
FEModel::init() exits                                                           (499 ms)
BasisOps::interp() executed
    BasisOps::compute_jtrans() exits                                            (248 ms)
FEModel::init() exits                                                           (527 ms)
BasisOps::interp() executed
BasisOps::interp() exits                                                        (218 ms)
FEModel::new_matrix() executed
BasisOps::interp() exits                                                        (223 ms)
FEModel::new_matrix() executed
BasisOps::interp() exits                                                        (213 ms)
FEModel::new_matrix() executed
BasisOps::interp() exits                                                        (193 ms)
FEModel::new_matrix() executed
FEModel::new_matrix() exits                                                     (274 ms)
FEModel::jacobian() executed
    LinElasticityElement::add_jacobian() executed
FEModel::new_matrix() exits                                                     (270 ms)
FEModel::jacobian() executed
    LinElasticityElement::add_jacobian() executed
FEModel::new_matrix() exits                                                     (268 ms)
FEModel::jacobian() executed
    LinElasticityElement::add_jacobian() executed
        BasisOps::jacobians(2) executed
        BasisOps::jacobians(2) executed
FEModel::new_matrix() exits                                                     (293 ms)
FEModel::jacobian() executed
    LinElasticityElement::add_jacobian() executed
        BasisOps::jacobians(2) executed
        BasisOps::jacobians(2) executed
        BasisOps::jacobians(2) exits                                            (349 ms)
        BasisOps::jacobians(2) exits                                            (391 ms)
        BasisOps::jacobians(2) exits                                            (378 ms)
        BasisOps::jacobians(2) exits                                            (321 ms)
    LinElasticityElement::add_jacobian() exits                                  (541 ms)
FEModel::jacobian() exits                                                       (545 ms)
FEModel::new_solution() executed
FEModel::new_solution() exits                                                   (0 ms)
FEModel::new_solution() executed
FEModel::new_solution() exits                                                   (0 ms)
    LinElasticityElement::add_jacobian() exits                                  (539 ms)
FEModel::jacobian() exits                                                       (543 ms)
FEModel::new_solution() executed
FEModel::new_solution() exits                                                   (0 ms)
FEModel::new_solution() executed
FEModel::new_solution() exits                                                   (0 ms)
    LinElasticityElement::add_jacobian() exits                                  (541 ms)
FEModel::jacobian() exits                                                       (545 ms)
FEModel::new_solution() executed
FEModel::new_solution() exits                                                   (0 ms)
FEModel::new_solution() executed
FEModel::new_solution() exits                                                   (0 ms)
    LinElasticityElement::add_jacobian() exits                                  (493 ms)
FEModel::jacobian() exits                                                       (497 ms)
FEModel::new_solution() executed
FEModel::new_solution() exits                                                   (0 ms)
FEModel::new_solution() executed
FEModel::new_solution() exits                                                   (0 ms)
